

*******************************************************************************
Tue Dec 20 19:24:08 2022


FIT:    data read from "gold_data_old.dat" using 1:3:2:4 xyerrors
        format = x:z:sx:s
        #datapoints = 12
function used for fitting: f(x)
	f(x) = A/(sin(((x*2 * pi/360)-(B*2 * pi/360))/2))**4
fitted parameters initialized with current variable values

iter      chisq       delta/lim  lambda   A             B            
   0 2.2951867420e+01   0.00e+00  4.69e-01    1.000000e-06   4.000000e+00
  21 3.3421691795e-01  -2.03e-09  4.69e+05    4.740636e-05   6.423048e+00

After 21 iterations the fit converged.
final sum of squares of residuals : 0.334217
rel. change during last iteration : -2.02634e-14

degrees of freedom    (FIT_NDF)                        : 10
rms of residuals      (FIT_STDFIT) = sqrt(WSSR/ndf)    : 0.182816
variance of residuals (reduced chisquare) = WSSR/ndf   : 0.0334217
p-value of the Chisq distribution (FIT_P)              : 0.999999

Final set of parameters            Asymptotic Standard Error
=======================            ==========================
A               = 4.74064e-05      +/- 5.745e-06    (12.12%)
B               = 6.42305          +/- 0.1949       (3.034%)

correlation matrix of the fit parameters:
                A      B      
A               1.000 
B              -0.012  1.000 


*******************************************************************************
Tue Dec 20 19:30:36 2022


FIT:    data read from "gold_data_old.dat" using 1:3:2:4 xyerrors
        format = x:z:sx:s
        #datapoints = 12
function used for fitting: f(x)
	f(x) = A/(sin(((x*2 * pi/360)-(B*2 * pi/360))/2))**4
fitted parameters initialized with current variable values

iter      chisq       delta/lim  lambda   A             B            
   0 2.2951867420e+01   0.00e+00  4.69e-01    1.000000e-06   4.000000e+00
  21 3.3421691795e-01  -2.03e-09  4.69e+05    4.740636e-05   6.423048e+00

After 21 iterations the fit converged.
final sum of squares of residuals : 0.334217
rel. change during last iteration : -2.02634e-14

degrees of freedom    (FIT_NDF)                        : 10
rms of residuals      (FIT_STDFIT) = sqrt(WSSR/ndf)    : 0.182816
variance of residuals (reduced chisquare) = WSSR/ndf   : 0.0334217
p-value of the Chisq distribution (FIT_P)              : 0.999999

Final set of parameters            Asymptotic Standard Error
=======================            ==========================
A               = 4.74064e-05      +/- 5.745e-06    (12.12%)
B               = 6.42305          +/- 0.1949       (3.034%)

correlation matrix of the fit parameters:
                A      B      
A               1.000 
B              -0.012  1.000 
