

*******************************************************************************
Wed Dec 14 11:01:22 2022


FIT:    data read from "Data/data_gnu.dat" using 1:3:2:4 xyerrors
        format = x:z:sx:s
BREAK: No data to fit

*******************************************************************************
Wed Dec 14 11:04:00 2022


FIT:    data read from "Data/data_gnu.dat" using 1:3:2:4 xyerrors
        format = x:z:sx:s
        #datapoints = 13
function used for fitting: f(x)
	f(x) = A*x+B
fitted parameters initialized with current variable values

iter      chisq       delta/lim  lambda   A             B            
   0 1.1399990617e+15   0.00e+00  6.62e+06    2.890000e+01   5.100000e+00
   4 1.2182139472e+00  -2.81e-01  6.62e+02    2.889999e+01   3.294733e-07

After 4 iterations the fit converged.
final sum of squares of residuals : 1.21821
rel. change during last iteration : -2.8069e-06

degrees of freedom    (FIT_NDF)                        : 11
rms of residuals      (FIT_STDFIT) = sqrt(WSSR/ndf)    : 0.332786
variance of residuals (reduced chisquare) = WSSR/ndf   : 0.110747
p-value of the Chisq distribution (FIT_P)              : 0.999864

Final set of parameters            Asymptotic Standard Error
=======================            ==========================
A               = 28.9             +/- 1.359        (4.701%)
B               = 3.29473e-07      +/- 7.305e-08    (22.17%)

correlation matrix of the fit parameters:
                A      B      
A               1.000 
B              -0.726  1.000 


*******************************************************************************
Wed Dec 14 11:09:32 2022


FIT:    data read from "Data/data_gnu.dat" using 1:3:2:4 xyerrors
        format = x:z:sx:s
        #datapoints = 13
function used for fitting: f(x)
	f(x) = A*x+B
fitted parameters initialized with current variable values

iter      chisq       delta/lim  lambda   A             B            
   0 1.1236231727e+15   0.00e+00  6.57e+06    2.890000e+01   5.100000e+00
   4 1.1977199119e+00  -2.81e-01  6.57e+02    2.889999e+01   3.296982e-07

After 4 iterations the fit converged.
final sum of squares of residuals : 1.19772
rel. change during last iteration : -2.81406e-06

degrees of freedom    (FIT_NDF)                        : 11
rms of residuals      (FIT_STDFIT) = sqrt(WSSR/ndf)    : 0.329975
variance of residuals (reduced chisquare) = WSSR/ndf   : 0.108884
p-value of the Chisq distribution (FIT_P)              : 0.999875

Final set of parameters            Asymptotic Standard Error
=======================            ==========================
A               = 28.9             +/- 1.363        (4.715%)
B               = 3.29698e-07      +/- 7.3e-08      (22.14%)

correlation matrix of the fit parameters:
                A      B      
A               1.000 
B              -0.726  1.000 


*******************************************************************************
Wed Dec 14 11:10:29 2022


FIT:    data read from "Data/data_gnu.dat" using 1:3:2:4 xyerrors
        format = x:z:sx:s
        #datapoints = 13
function used for fitting: f(x)
	f(x) = A*x+B
fitted parameters initialized with current variable values

iter      chisq       delta/lim  lambda   A             B            
   0 1.1236231727e+15   0.00e+00  6.57e+06    2.890000e+01   5.100000e+00
   4 1.1977199119e+00  -2.81e-01  6.57e+02    2.889999e+01   3.296982e-07

After 4 iterations the fit converged.
final sum of squares of residuals : 1.19772
rel. change during last iteration : -2.81406e-06

degrees of freedom    (FIT_NDF)                        : 11
rms of residuals      (FIT_STDFIT) = sqrt(WSSR/ndf)    : 0.329975
variance of residuals (reduced chisquare) = WSSR/ndf   : 0.108884
p-value of the Chisq distribution (FIT_P)              : 0.999875

Final set of parameters            Asymptotic Standard Error
=======================            ==========================
A               = 28.9             +/- 1.363        (4.715%)
B               = 3.29698e-07      +/- 7.3e-08      (22.14%)

correlation matrix of the fit parameters:
                A      B      
A               1.000 
B              -0.726  1.000 


*******************************************************************************
Wed Dec 14 11:15:17 2022


FIT:    data read from "Data/data_gnu.dat" using 1:3:2:4 xyerrors
        format = x:z:sx:s
        #datapoints = 13
function used for fitting: f(x)
	f(x) = A*x+B
fitted parameters initialized with current variable values

iter      chisq       delta/lim  lambda   A             B            
   0 1.1236231727e+15   0.00e+00  6.57e+06    2.890000e+01   5.100000e+00
   4 1.1977199119e+00  -2.81e-01  6.57e+02    2.889999e+01   3.296982e-07

After 4 iterations the fit converged.
final sum of squares of residuals : 1.19772
rel. change during last iteration : -2.81406e-06

degrees of freedom    (FIT_NDF)                        : 11
rms of residuals      (FIT_STDFIT) = sqrt(WSSR/ndf)    : 0.329975
variance of residuals (reduced chisquare) = WSSR/ndf   : 0.108884
p-value of the Chisq distribution (FIT_P)              : 0.999875

Final set of parameters            Asymptotic Standard Error
=======================            ==========================
A               = 28.9             +/- 1.363        (4.715%)
B               = 3.29698e-07      +/- 7.3e-08      (22.14%)

correlation matrix of the fit parameters:
                A      B      
A               1.000 
B              -0.726  1.000 
