

*******************************************************************************
Tue Dec 20 19:25:36 2022


FIT:    data read from "alu_data_old.dat" using 1:3:2:4 xyerrors
        format = x:z:sx:s

Current data point
=========================
#               = 8 out of 8
x               = 15             
z               = 0              
s               = 0              

BREAK: Zero error value in data file

*******************************************************************************
Tue Dec 20 19:29:35 2022


FIT:    data read from "alu_data_old.dat" using 1:3:2:4 xyerrors
        format = x:z:sx:s

Current data point
=========================
#               = 8 out of 8
x               = 15             
z               = 0              
s               = 0              

BREAK: Zero error value in data file

*******************************************************************************
Tue Dec 20 19:30:23 2022


FIT:    data read from "alu_data_old.dat" using 1:3:2:4 xyerrors
        format = x:z:sx:s

Current data point
=========================
#               = 8 out of 8
x               = 15             
z               = 0              
s               = 0              

BREAK: Zero error value in data file

*******************************************************************************
Tue Dec 20 19:32:15 2022


FIT:    data read from "alu_data_old.dat" using 1:3:2:4 xyerrors
        format = x:z:sx:s

Current data point
=========================
#               = 8 out of 8
x               = 15             
z               = 0              
s               = 0              

BREAK: Zero error value in data file

*******************************************************************************
Tue Dec 20 19:32:48 2022


FIT:    data read from "alu_data_old.dat" using 1:3:2:4 xyerrors
        format = x:z:sx:s
        #datapoints = 8
function used for fitting: f(x)
	f(x) = A/(sin(((x*2 * pi/360)-(B*2 * pi/360))/2))**4
fitted parameters initialized with current variable values

iter      chisq       delta/lim  lambda   A             B            
   0 1.7743399612e+01   0.00e+00  7.69e-03    1.000000e-06   4.000000e+00
  10 4.9799139302e-04  -1.89e-01  7.69e-01    4.593759e-06  -6.329230e+00

After 10 iterations the fit converged.
final sum of squares of residuals : 0.000497991
rel. change during last iteration : -1.88836e-06

degrees of freedom    (FIT_NDF)                        : 6
rms of residuals      (FIT_STDFIT) = sqrt(WSSR/ndf)    : 0.00911035
variance of residuals (reduced chisquare) = WSSR/ndf   : 8.29986e-05
p-value of the Chisq distribution (FIT_P)              : 1

Final set of parameters            Asymptotic Standard Error
=======================            ==========================
A               = 4.59376e-06      +/- 1.598e-06    (34.79%)
B               = -6.32923         +/- 1.056        (16.69%)

correlation matrix of the fit parameters:
                A      B      
A               1.000 
B              -0.291  1.000 


*******************************************************************************
Tue Dec 20 19:35:56 2022


FIT:    data read from "alu_data_old.dat" using 1:3:2:4 xyerrors
        format = x:z:sx:s
        #datapoints = 8
function used for fitting: f(x)
	f(x) = A/(sin(((x*2 * pi/360)-(B*2 * pi/360))/2))**4
fitted parameters initialized with current variable values

iter      chisq       delta/lim  lambda   A             B            
   0 2.6357889848e+01   0.00e+00  1.03e+00    1.000000e-06   4.000000e+00
   2 2.6341126906e+01   0.00e+00  1.03e+08    1.000000e-06   4.000000e+00

After 2 iterations the fit converged.
final sum of squares of residuals : 26.3411
rel. change during last iteration : 0

degrees of freedom    (FIT_NDF)                        : 6
rms of residuals      (FIT_STDFIT) = sqrt(WSSR/ndf)    : 2.09528
variance of residuals (reduced chisquare) = WSSR/ndf   : 4.39019
p-value of the Chisq distribution (FIT_P)              : 0.000192309

Final set of parameters            Asymptotic Standard Error
=======================            ==========================
A               = 1e-06            +/- 1.818e-06    (181.8%)
B               = 4                +/- 3.167        (79.19%)

correlation matrix of the fit parameters:
                A      B      
A               1.000 
B              -0.691  1.000 


*******************************************************************************
Tue Dec 20 19:37:19 2022


FIT:    data read from "alu_data_old.dat" using 1:3:2:4 xyerrors
        format = x:z:sx:s
        #datapoints = 8
function used for fitting: f(x)
	f(x) = A/(sin(((x*2 * pi/360)-(B*2 * pi/360))/2))**4
fitted parameters initialized with current variable values

iter      chisq       delta/lim  lambda   A             B            
   0 2.6357889848e+01   0.00e+00  1.03e+00    1.000000e-06   4.000000e+00
   2 2.6341126906e+01   0.00e+00  1.03e+08    1.000000e-06   4.000000e+00

After 2 iterations the fit converged.
final sum of squares of residuals : 26.3411
rel. change during last iteration : 0

degrees of freedom    (FIT_NDF)                        : 6
rms of residuals      (FIT_STDFIT) = sqrt(WSSR/ndf)    : 2.09528
variance of residuals (reduced chisquare) = WSSR/ndf   : 4.39019
p-value of the Chisq distribution (FIT_P)              : 0.000192309

Final set of parameters            Asymptotic Standard Error
=======================            ==========================
A               = 1e-06            +/- 1.818e-06    (181.8%)
B               = 4                +/- 3.167        (79.19%)

correlation matrix of the fit parameters:
                A      B      
A               1.000 
B              -0.691  1.000 


*******************************************************************************
Tue Dec 20 19:37:38 2022


FIT:    data read from "alu_data_old.dat" using 1:3:2:4 xyerrors
        format = x:z:sx:s
        #datapoints = 8
function used for fitting: f(x)
	f(x) = A/(sin(((x*2 * pi/360)-(B*2 * pi/360))/2))**4
fitted parameters initialized with current variable values

iter      chisq       delta/lim  lambda   A             B            
   0 2.6357889848e+01   0.00e+00  1.03e+00    1.000000e-06   4.000000e+00
   2 2.6341126906e+01   0.00e+00  1.03e+08    1.000000e-06   4.000000e+00

After 2 iterations the fit converged.
final sum of squares of residuals : 26.3411
rel. change during last iteration : 0

degrees of freedom    (FIT_NDF)                        : 6
rms of residuals      (FIT_STDFIT) = sqrt(WSSR/ndf)    : 2.09528
variance of residuals (reduced chisquare) = WSSR/ndf   : 4.39019
p-value of the Chisq distribution (FIT_P)              : 0.000192309

Final set of parameters            Asymptotic Standard Error
=======================            ==========================
A               = 1e-06            +/- 1.818e-06    (181.8%)
B               = 4                +/- 3.167        (79.19%)

correlation matrix of the fit parameters:
                A      B      
A               1.000 
B              -0.691  1.000 


*******************************************************************************
Tue Dec 20 19:38:07 2022


FIT:    data read from "alu_data_old.dat" using 1:3:2:4 xyerrors
        format = x:z:sx:s
        #datapoints = 8
function used for fitting: f(x)
	f(x) = A/(sin(((x*2 * pi/360)-(B*2 * pi/360))/2))**4
fitted parameters initialized with current variable values

iter      chisq       delta/lim  lambda   A             B            
   0 2.6357889848e+01   0.00e+00  1.03e+00    1.000000e-06   4.000000e+00
   2 2.6341126906e+01   0.00e+00  1.03e+08    1.000000e-06   4.000000e+00

After 2 iterations the fit converged.
final sum of squares of residuals : 26.3411
rel. change during last iteration : 0

degrees of freedom    (FIT_NDF)                        : 6
rms of residuals      (FIT_STDFIT) = sqrt(WSSR/ndf)    : 2.09528
variance of residuals (reduced chisquare) = WSSR/ndf   : 4.39019
p-value of the Chisq distribution (FIT_P)              : 0.000192309

Final set of parameters            Asymptotic Standard Error
=======================            ==========================
A               = 1e-06            +/- 1.818e-06    (181.8%)
B               = 4                +/- 3.167        (79.19%)

correlation matrix of the fit parameters:
                A      B      
A               1.000 
B              -0.691  1.000 


*******************************************************************************
Tue Dec 20 19:38:15 2022


FIT:    data read from "alu_data_old.dat" using 1:3:2:4 xyerrors
        format = x:z:sx:s
        #datapoints = 8
function used for fitting: f(x)
	f(x) = A/(sin(((x*2 * pi/360)-(B*2 * pi/360))/2))**4
fitted parameters initialized with current variable values

iter      chisq       delta/lim  lambda   A             B            
   0 2.6357889848e+01   0.00e+00  1.03e+00    1.000000e-06   4.000000e+00
   2 2.6341126906e+01   0.00e+00  1.03e+08    1.000000e-06   4.000000e+00

After 2 iterations the fit converged.
final sum of squares of residuals : 26.3411
rel. change during last iteration : 0

degrees of freedom    (FIT_NDF)                        : 6
rms of residuals      (FIT_STDFIT) = sqrt(WSSR/ndf)    : 2.09528
variance of residuals (reduced chisquare) = WSSR/ndf   : 4.39019
p-value of the Chisq distribution (FIT_P)              : 0.000192309

Final set of parameters            Asymptotic Standard Error
=======================            ==========================
A               = 1e-06            +/- 1.818e-06    (181.8%)
B               = 4                +/- 3.167        (79.19%)

correlation matrix of the fit parameters:
                A      B      
A               1.000 
B              -0.691  1.000 


*******************************************************************************
Tue Dec 20 19:42:55 2022


FIT:    data read from "alu_data_old.dat" using 1:3:2:4 xyerrors
        format = x:z:sx:s
        #datapoints = 8
function used for fitting: f(x)
	f(x) = A/(sin(((x*2 * pi/360)-(B*2 * pi/360))/2))**4
fitted parameters initialized with current variable values

iter      chisq       delta/lim  lambda   A             B            
   0 2.6357889848e+01   0.00e+00  1.03e+00    1.000000e-06   4.000000e+00
   2 2.6341126906e+01   0.00e+00  1.03e+08    1.000000e-06   4.000000e+00

After 2 iterations the fit converged.
final sum of squares of residuals : 26.3411
rel. change during last iteration : 0

degrees of freedom    (FIT_NDF)                        : 6
rms of residuals      (FIT_STDFIT) = sqrt(WSSR/ndf)    : 2.09528
variance of residuals (reduced chisquare) = WSSR/ndf   : 4.39019
p-value of the Chisq distribution (FIT_P)              : 0.000192309

Final set of parameters            Asymptotic Standard Error
=======================            ==========================
A               = 1e-06            +/- 1.818e-06    (181.8%)
B               = 4                +/- 3.167        (79.19%)

correlation matrix of the fit parameters:
                A      B      
A               1.000 
B              -0.691  1.000 


*******************************************************************************
Wed Feb  1 18:32:21 2023


FIT:    data read from "alu_data.dat" using 1:3:2:4 xyerrors
        format = x:z:sx:s
        #datapoints = 15
function used for fitting: f(x)
	f(x) = A/(sin(((x*2 * pi/360)-(B*2 * pi/360))/2))**4
fitted parameters initialized with current variable values

iter      chisq       delta/lim  lambda   A             B            
   0 8.7136501099e+02   0.00e+00  7.50e-01    1.000000e-06   4.000000e+00
   8 3.9927135242e+02   0.00e+00  7.50e+07    2.193414e-04   2.255794e-01

After 8 iterations the fit converged.
final sum of squares of residuals : 399.271
rel. change during last iteration : 0

degrees of freedom    (FIT_NDF)                        : 13
rms of residuals      (FIT_STDFIT) = sqrt(WSSR/ndf)    : 5.54195
variance of residuals (reduced chisquare) = WSSR/ndf   : 30.7132
p-value of the Chisq distribution (FIT_P)              : 0

Final set of parameters            Asymptotic Standard Error
=======================            ==========================
A               = 0.000219341      +/- 5.52e-05     (25.17%)
B               = 0.225579         +/- 0.7254       (321.6%)

correlation matrix of the fit parameters:
                A      B      
A               1.000 
B              -0.162  1.000 


*******************************************************************************
Wed Feb  1 18:33:06 2023


FIT:    data read from "alu_data.dat" using 1:2:3:4 xyerrors
        format = x:z:sx:s
        #datapoints = 15
function used for fitting: f(x)
	f(x) = A/(sin(((x*2 * pi/360)-(B*2 * pi/360))/2))**4
fitted parameters initialized with current variable values

iter      chisq       delta/lim  lambda   A             B            
   0 6.3366812083e+01   0.00e+00  1.02e+00    1.000000e-06   4.000000e+00
   7 2.1925182653e+00  -5.13e-02  1.02e+03    1.334044e-05   6.176342e-02

After 7 iterations the fit converged.
final sum of squares of residuals : 2.19252
rel. change during last iteration : -5.13475e-07

degrees of freedom    (FIT_NDF)                        : 13
rms of residuals      (FIT_STDFIT) = sqrt(WSSR/ndf)    : 0.410677
variance of residuals (reduced chisquare) = WSSR/ndf   : 0.168655
p-value of the Chisq distribution (FIT_P)              : 0.999621

Final set of parameters            Asymptotic Standard Error
=======================            ==========================
A               = 1.33404e-05      +/- 2.529e-06    (18.95%)
B               = 0.0617634        +/- 0.2276       (368.5%)

correlation matrix of the fit parameters:
                A      B      
A               1.000 
B              -0.007  1.000 


*******************************************************************************
Wed Feb  1 18:33:30 2023


FIT:    data read from "alu_data.dat" using 1:2:3:4 xyerrors
        format = x:z:sx:s
        #datapoints = 15
function used for fitting: f(x)
	f(x) = A/(sin(((x*2 * pi/360)-(B*2 * pi/360))/2))**4
fitted parameters initialized with current variable values

iter      chisq       delta/lim  lambda   A             B            
   0 6.3366812083e+01   0.00e+00  1.02e+00    1.000000e-06   4.000000e+00
   7 2.1925182653e+00  -5.13e-02  1.02e+03    1.334044e-05   6.176342e-02

After 7 iterations the fit converged.
final sum of squares of residuals : 2.19252
rel. change during last iteration : -5.13475e-07

degrees of freedom    (FIT_NDF)                        : 13
rms of residuals      (FIT_STDFIT) = sqrt(WSSR/ndf)    : 0.410677
variance of residuals (reduced chisquare) = WSSR/ndf   : 0.168655
p-value of the Chisq distribution (FIT_P)              : 0.999621

Final set of parameters            Asymptotic Standard Error
=======================            ==========================
A               = 1.33404e-05      +/- 2.529e-06    (18.95%)
B               = 0.0617634        +/- 0.2276       (368.5%)

correlation matrix of the fit parameters:
                A      B      
A               1.000 
B              -0.007  1.000 
